<?xml version="1.0" encoding="UTF-8"?>
<testsuite xmlns:xsi="http://www.w3.org/2001/XMLSchema-instance" xsi:noNamespaceSchemaLocation="https://maven.apache.org/surefire/maven-surefire-plugin/xsd/surefire-test-report.xsd" name="StepDefinitions.TestRunner" time="6.349" tests="2" errors="2" skipped="0" failures="0">
  <properties>
    <property name="java.specification.version" value="21"/>
    <property name="sun.cpu.isalist" value="amd64"/>
    <property name="sun.jnu.encoding" value="Cp1252"/>
    <property name="java.class.path" value="C:\Users\sokoeurn chhay\eclipse-workspace2024Feb\Cucumber_Java\target\test-classes;C:\Users\sokoeurn chhay\eclipse-workspace2024Feb\Cucumber_Java\target\classes;C:\Users\sokoeurn chhay\.m2\repository\org\apache\maven\maven-core\3.9.6\maven-core-3.9.6.jar;C:\Users\sokoeurn chhay\.m2\repository\org\apache\maven\maven-model\3.9.6\maven-model-3.9.6.jar;C:\Users\sokoeurn chhay\.m2\repository\org\apache\maven\maven-settings\3.9.6\maven-settings-3.9.6.jar;C:\Users\sokoeurn chhay\.m2\repository\org\apache\maven\maven-settings-builder\3.9.6\maven-settings-builder-3.9.6.jar;C:\Users\sokoeurn chhay\.m2\repository\org\codehaus\plexus\plexus-sec-dispatcher\2.0\plexus-sec-dispatcher-2.0.jar;C:\Users\sokoeurn chhay\.m2\repository\org\codehaus\plexus\plexus-cipher\2.0\plexus-cipher-2.0.jar;C:\Users\sokoeurn chhay\.m2\repository\org\apache\maven\maven-builder-support\3.9.6\maven-builder-support-3.9.6.jar;C:\Users\sokoeurn chhay\.m2\repository\org\apache\maven\maven-repository-metadata\3.9.6\maven-repository-metadata-3.9.6.jar;C:\Users\sokoeurn chhay\.m2\repository\org\apache\maven\maven-model-builder\3.9.6\maven-model-builder-3.9.6.jar;C:\Users\sokoeurn chhay\.m2\repository\org\apache\maven\maven-resolver-provider\3.9.6\maven-resolver-provider-3.9.6.jar;C:\Users\sokoeurn chhay\.m2\repository\org\apache\maven\resolver\maven-resolver-impl\1.9.18\maven-resolver-impl-1.9.18.jar;C:\Users\sokoeurn chhay\.m2\repository\org\apache\maven\resolver\maven-resolver-named-locks\1.9.18\maven-resolver-named-locks-1.9.18.jar;C:\Users\sokoeurn chhay\.m2\repository\org\apache\maven\resolver\maven-resolver-api\1.9.18\maven-resolver-api-1.9.18.jar;C:\Users\sokoeurn chhay\.m2\repository\org\apache\maven\resolver\maven-resolver-spi\1.9.18\maven-resolver-spi-1.9.18.jar;C:\Users\sokoeurn chhay\.m2\repository\org\apache\maven\resolver\maven-resolver-util\1.9.18\maven-resolver-util-1.9.18.jar;C:\Users\sokoeurn chhay\.m2\repository\org\apache\maven\shared\maven-shared-utils\3.3.4\maven-shared-utils-3.3.4.jar;C:\Users\sokoeurn chhay\.m2\repository\org\eclipse\sisu\org.eclipse.sisu.plexus\0.9.0.M2\org.eclipse.sisu.plexus-0.9.0.M2.jar;C:\Users\sokoeurn chhay\.m2\repository\javax\annotation\javax.annotation-api\1.2\javax.annotation-api-1.2.jar;C:\Users\sokoeurn chhay\.m2\repository\org\eclipse\sisu\org.eclipse.sisu.inject\0.9.0.M2\org.eclipse.sisu.inject-0.9.0.M2.jar;C:\Users\sokoeurn chhay\.m2\repository\com\google\inject\guice\5.1.0\guice-5.1.0.jar;C:\Users\sokoeurn chhay\.m2\repository\aopalliance\aopalliance\1.0\aopalliance-1.0.jar;C:\Users\sokoeurn chhay\.m2\repository\com\google\guava\guava\32.0.1-jre\guava-32.0.1-jre.jar;C:\Users\sokoeurn chhay\.m2\repository\com\google\guava\failureaccess\1.0.1\failureaccess-1.0.1.jar;C:\Users\sokoeurn chhay\.m2\repository\javax\inject\javax.inject\1\javax.inject-1.jar;C:\Users\sokoeurn chhay\.m2\repository\org\codehaus\plexus\plexus-utils\3.5.1\plexus-utils-3.5.1.jar;C:\Users\sokoeurn chhay\.m2\repository\org\codehaus\plexus\plexus-classworlds\2.7.0\plexus-classworlds-2.7.0.jar;C:\Users\sokoeurn chhay\.m2\repository\org\codehaus\plexus\plexus-interpolation\1.26\plexus-interpolation-1.26.jar;C:\Users\sokoeurn chhay\.m2\repository\org\codehaus\plexus\plexus-component-annotations\2.1.0\plexus-component-annotations-2.1.0.jar;C:\Users\sokoeurn chhay\.m2\repository\org\apache\commons\commons-lang3\3.12.0\commons-lang3-3.12.0.jar;C:\Users\sokoeurn chhay\.m2\repository\org\slf4j\slf4j-api\1.7.36\slf4j-api-1.7.36.jar;C:\Users\sokoeurn chhay\.m2\repository\org\apache\maven\plugin-tools\maven-plugin-annotations\3.11.0\maven-plugin-annotations-3.11.0.jar;C:\Users\sokoeurn chhay\.m2\repository\org\apache\maven\maven-plugin-api\3.9.6\maven-plugin-api-3.9.6.jar;C:\Users\sokoeurn chhay\.m2\repository\org\apache\maven\maven-artifact\3.9.6\maven-artifact-3.9.6.jar;C:\Users\sokoeurn chhay\.m2\repository\io\cucumber\cucumber-java\7.16.1\cucumber-java-7.16.1.jar;C:\Users\sokoeurn chhay\.m2\repository\io\cucumber\cucumber-core\7.16.1\cucumber-core-7.16.1.jar;C:\Users\sokoeurn chhay\.m2\repository\io\cucumber\cucumber-gherkin\7.16.1\cucumber-gherkin-7.16.1.jar;C:\Users\sokoeurn chhay\.m2\repository\io\cucumber\cucumber-gherkin-messages\7.16.1\cucumber-gherkin-messages-7.16.1.jar;C:\Users\sokoeurn chhay\.m2\repository\io\cucumber\gherkin\28.0.0\gherkin-28.0.0.jar;C:\Users\sokoeurn chhay\.m2\repository\io\cucumber\messages\24.1.0\messages-24.1.0.jar;C:\Users\sokoeurn chhay\.m2\repository\io\cucumber\tag-expressions\6.1.0\tag-expressions-6.1.0.jar;C:\Users\sokoeurn chhay\.m2\repository\io\cucumber\cucumber-expressions\17.1.0\cucumber-expressions-17.1.0.jar;C:\Users\sokoeurn chhay\.m2\repository\io\cucumber\datatable\7.16.1\datatable-7.16.1.jar;C:\Users\sokoeurn chhay\.m2\repository\io\cucumber\cucumber-plugin\7.16.1\cucumber-plugin-7.16.1.jar;C:\Users\sokoeurn chhay\.m2\repository\io\cucumber\docstring\7.16.1\docstring-7.16.1.jar;C:\Users\sokoeurn chhay\.m2\repository\io\cucumber\html-formatter\21.3.0\html-formatter-21.3.0.jar;C:\Users\sokoeurn chhay\.m2\repository\io\cucumber\junit-xml-formatter\0.3.0\junit-xml-formatter-0.3.0.jar;C:\Users\sokoeurn chhay\.m2\repository\io\cucumber\ci-environment\10.0.1\ci-environment-10.0.1.jar;C:\Users\sokoeurn chhay\.m2\repository\org\apiguardian\apiguardian-api\1.1.2\apiguardian-api-1.1.2.jar;C:\Users\sokoeurn chhay\.m2\repository\junit\junit\4.13.2\junit-4.13.2.jar;C:\Users\sokoeurn chhay\.m2\repository\org\hamcrest\hamcrest-core\1.3\hamcrest-core-1.3.jar;C:\Users\sokoeurn chhay\.m2\repository\io\cucumber\cucumber-junit\7.15.0\cucumber-junit-7.15.0.jar;C:\Users\sokoeurn chhay\.m2\repository\org\seleniumhq\selenium\selenium-java\4.19.1\selenium-java-4.19.1.jar;C:\Users\sokoeurn chhay\.m2\repository\org\seleniumhq\selenium\selenium-api\4.19.1\selenium-api-4.19.1.jar;C:\Users\sokoeurn chhay\.m2\repository\org\seleniumhq\selenium\selenium-chrome-driver\4.19.1\selenium-chrome-driver-4.19.1.jar;C:\Users\sokoeurn chhay\.m2\repository\com\google\auto\service\auto-service-annotations\1.1.1\auto-service-annotations-1.1.1.jar;C:\Users\sokoeurn chhay\.m2\repository\org\seleniumhq\selenium\selenium-chromium-driver\4.19.1\selenium-chromium-driver-4.19.1.jar;C:\Users\sokoeurn chhay\.m2\repository\org\seleniumhq\selenium\selenium-json\4.19.1\selenium-json-4.19.1.jar;C:\Users\sokoeurn chhay\.m2\repository\org\seleniumhq\selenium\selenium-manager\4.19.1\selenium-manager-4.19.1.jar;C:\Users\sokoeurn chhay\.m2\repository\org\seleniumhq\selenium\selenium-devtools-v121\4.19.1\selenium-devtools-v121-4.19.1.jar;C:\Users\sokoeurn chhay\.m2\repository\org\seleniumhq\selenium\selenium-devtools-v122\4.19.1\selenium-devtools-v122-4.19.1.jar;C:\Users\sokoeurn chhay\.m2\repository\org\seleniumhq\selenium\selenium-devtools-v123\4.19.1\selenium-devtools-v123-4.19.1.jar;C:\Users\sokoeurn chhay\.m2\repository\org\seleniumhq\selenium\selenium-devtools-v85\4.19.1\selenium-devtools-v85-4.19.1.jar;C:\Users\sokoeurn chhay\.m2\repository\org\seleniumhq\selenium\selenium-edge-driver\4.19.1\selenium-edge-driver-4.19.1.jar;C:\Users\sokoeurn chhay\.m2\repository\org\seleniumhq\selenium\selenium-firefox-driver\4.19.1\selenium-firefox-driver-4.19.1.jar;C:\Users\sokoeurn chhay\.m2\repository\org\seleniumhq\selenium\selenium-http\4.19.1\selenium-http-4.19.1.jar;C:\Users\sokoeurn chhay\.m2\repository\dev\failsafe\failsafe\3.3.2\failsafe-3.3.2.jar;C:\Users\sokoeurn chhay\.m2\repository\org\seleniumhq\selenium\selenium-ie-driver\4.19.1\selenium-ie-driver-4.19.1.jar;C:\Users\sokoeurn chhay\.m2\repository\org\seleniumhq\selenium\selenium-remote-driver\4.19.1\selenium-remote-driver-4.19.1.jar;C:\Users\sokoeurn chhay\.m2\repository\io\opentelemetry\semconv\opentelemetry-semconv\1.23.1-alpha\opentelemetry-semconv-1.23.1-alpha.jar;C:\Users\sokoeurn chhay\.m2\repository\io\opentelemetry\opentelemetry-api\1.36.0\opentelemetry-api-1.36.0.jar;C:\Users\sokoeurn chhay\.m2\repository\io\opentelemetry\opentelemetry-context\1.36.0\opentelemetry-context-1.36.0.jar;C:\Users\sokoeurn chhay\.m2\repository\io\opentelemetry\opentelemetry-exporter-logging\1.36.0\opentelemetry-exporter-logging-1.36.0.jar;C:\Users\sokoeurn chhay\.m2\repository\io\opentelemetry\opentelemetry-sdk-common\1.36.0\opentelemetry-sdk-common-1.36.0.jar;C:\Users\sokoeurn chhay\.m2\repository\io\opentelemetry\opentelemetry-sdk-extension-autoconfigure-spi\1.36.0\opentelemetry-sdk-extension-autoconfigure-spi-1.36.0.jar;C:\Users\sokoeurn chhay\.m2\repository\io\opentelemetry\opentelemetry-sdk-extension-autoconfigure\1.36.0\opentelemetry-sdk-extension-autoconfigure-1.36.0.jar;C:\Users\sokoeurn chhay\.m2\repository\io\opentelemetry\opentelemetry-api-events\1.36.0-alpha\opentelemetry-api-events-1.36.0-alpha.jar;C:\Users\sokoeurn chhay\.m2\repository\io\opentelemetry\opentelemetry-sdk-trace\1.36.0\opentelemetry-sdk-trace-1.36.0.jar;C:\Users\sokoeurn chhay\.m2\repository\io\opentelemetry\opentelemetry-extension-incubator\1.36.0-alpha\opentelemetry-extension-incubator-1.36.0-alpha.jar;C:\Users\sokoeurn chhay\.m2\repository\io\opentelemetry\opentelemetry-sdk\1.36.0\opentelemetry-sdk-1.36.0.jar;C:\Users\sokoeurn chhay\.m2\repository\io\opentelemetry\opentelemetry-sdk-metrics\1.36.0\opentelemetry-sdk-metrics-1.36.0.jar;C:\Users\sokoeurn chhay\.m2\repository\io\opentelemetry\opentelemetry-sdk-logs\1.36.0\opentelemetry-sdk-logs-1.36.0.jar;C:\Users\sokoeurn chhay\.m2\repository\net\bytebuddy\byte-buddy\1.14.12\byte-buddy-1.14.12.jar;C:\Users\sokoeurn chhay\.m2\repository\org\seleniumhq\selenium\selenium-os\4.19.1\selenium-os-4.19.1.jar;C:\Users\sokoeurn chhay\.m2\repository\org\apache\commons\commons-exec\1.3\commons-exec-1.3.jar;C:\Users\sokoeurn chhay\.m2\repository\org\seleniumhq\selenium\selenium-safari-driver\4.19.1\selenium-safari-driver-4.19.1.jar;C:\Users\sokoeurn chhay\.m2\repository\org\seleniumhq\selenium\selenium-support\4.19.1\selenium-support-4.19.1.jar;"/>
    <property name="java.vm.vendor" value="Oracle Corporation"/>
    <property name="sun.arch.data.model" value="64"/>
    <property name="user.variant" value=""/>
    <property name="java.vendor.url" value="https://java.oracle.com/"/>
    <property name="user.timezone" value="America/Chicago"/>
    <property name="os.name" value="Windows 11"/>
    <property name="java.vm.specification.version" value="21"/>
    <property name="sun.java.launcher" value="SUN_STANDARD"/>
    <property name="user.country" value="US"/>
    <property name="sun.boot.library.path" value="C:\Program Files\Java\jdk-21\bin"/>
    <property name="sun.java.command" value="C:\Users\sokoeurn chhay\AppData\Local\Temp\surefire4955988315118786001\surefirebooter3894343807126660718.jar C:\Users\sokoeurn chhay\AppData\Local\Temp\surefire4955988315118786001 2024-04-05T08-20-45_669-jvmRun1 surefire7240539496253891440tmp surefire_017351579149344043450tmp"/>
    <property name="jdk.debug" value="release"/>
    <property name="surefire.test.class.path" value="C:\Users\sokoeurn chhay\eclipse-workspace2024Feb\Cucumber_Java\target\test-classes;C:\Users\sokoeurn chhay\eclipse-workspace2024Feb\Cucumber_Java\target\classes;C:\Users\sokoeurn chhay\.m2\repository\org\apache\maven\maven-core\3.9.6\maven-core-3.9.6.jar;C:\Users\sokoeurn chhay\.m2\repository\org\apache\maven\maven-model\3.9.6\maven-model-3.9.6.jar;C:\Users\sokoeurn chhay\.m2\repository\org\apache\maven\maven-settings\3.9.6\maven-settings-3.9.6.jar;C:\Users\sokoeurn chhay\.m2\repository\org\apache\maven\maven-settings-builder\3.9.6\maven-settings-builder-3.9.6.jar;C:\Users\sokoeurn chhay\.m2\repository\org\codehaus\plexus\plexus-sec-dispatcher\2.0\plexus-sec-dispatcher-2.0.jar;C:\Users\sokoeurn chhay\.m2\repository\org\codehaus\plexus\plexus-cipher\2.0\plexus-cipher-2.0.jar;C:\Users\sokoeurn chhay\.m2\repository\org\apache\maven\maven-builder-support\3.9.6\maven-builder-support-3.9.6.jar;C:\Users\sokoeurn chhay\.m2\repository\org\apache\maven\maven-repository-metadata\3.9.6\maven-repository-metadata-3.9.6.jar;C:\Users\sokoeurn chhay\.m2\repository\org\apache\maven\maven-model-builder\3.9.6\maven-model-builder-3.9.6.jar;C:\Users\sokoeurn chhay\.m2\repository\org\apache\maven\maven-resolver-provider\3.9.6\maven-resolver-provider-3.9.6.jar;C:\Users\sokoeurn chhay\.m2\repository\org\apache\maven\resolver\maven-resolver-impl\1.9.18\maven-resolver-impl-1.9.18.jar;C:\Users\sokoeurn chhay\.m2\repository\org\apache\maven\resolver\maven-resolver-named-locks\1.9.18\maven-resolver-named-locks-1.9.18.jar;C:\Users\sokoeurn chhay\.m2\repository\org\apache\maven\resolver\maven-resolver-api\1.9.18\maven-resolver-api-1.9.18.jar;C:\Users\sokoeurn chhay\.m2\repository\org\apache\maven\resolver\maven-resolver-spi\1.9.18\maven-resolver-spi-1.9.18.jar;C:\Users\sokoeurn chhay\.m2\repository\org\apache\maven\resolver\maven-resolver-util\1.9.18\maven-resolver-util-1.9.18.jar;C:\Users\sokoeurn chhay\.m2\repository\org\apache\maven\shared\maven-shared-utils\3.3.4\maven-shared-utils-3.3.4.jar;C:\Users\sokoeurn chhay\.m2\repository\org\eclipse\sisu\org.eclipse.sisu.plexus\0.9.0.M2\org.eclipse.sisu.plexus-0.9.0.M2.jar;C:\Users\sokoeurn chhay\.m2\repository\javax\annotation\javax.annotation-api\1.2\javax.annotation-api-1.2.jar;C:\Users\sokoeurn chhay\.m2\repository\org\eclipse\sisu\org.eclipse.sisu.inject\0.9.0.M2\org.eclipse.sisu.inject-0.9.0.M2.jar;C:\Users\sokoeurn chhay\.m2\repository\com\google\inject\guice\5.1.0\guice-5.1.0.jar;C:\Users\sokoeurn chhay\.m2\repository\aopalliance\aopalliance\1.0\aopalliance-1.0.jar;C:\Users\sokoeurn chhay\.m2\repository\com\google\guava\guava\32.0.1-jre\guava-32.0.1-jre.jar;C:\Users\sokoeurn chhay\.m2\repository\com\google\guava\failureaccess\1.0.1\failureaccess-1.0.1.jar;C:\Users\sokoeurn chhay\.m2\repository\javax\inject\javax.inject\1\javax.inject-1.jar;C:\Users\sokoeurn chhay\.m2\repository\org\codehaus\plexus\plexus-utils\3.5.1\plexus-utils-3.5.1.jar;C:\Users\sokoeurn chhay\.m2\repository\org\codehaus\plexus\plexus-classworlds\2.7.0\plexus-classworlds-2.7.0.jar;C:\Users\sokoeurn chhay\.m2\repository\org\codehaus\plexus\plexus-interpolation\1.26\plexus-interpolation-1.26.jar;C:\Users\sokoeurn chhay\.m2\repository\org\codehaus\plexus\plexus-component-annotations\2.1.0\plexus-component-annotations-2.1.0.jar;C:\Users\sokoeurn chhay\.m2\repository\org\apache\commons\commons-lang3\3.12.0\commons-lang3-3.12.0.jar;C:\Users\sokoeurn chhay\.m2\repository\org\slf4j\slf4j-api\1.7.36\slf4j-api-1.7.36.jar;C:\Users\sokoeurn chhay\.m2\repository\org\apache\maven\plugin-tools\maven-plugin-annotations\3.11.0\maven-plugin-annotations-3.11.0.jar;C:\Users\sokoeurn chhay\.m2\repository\org\apache\maven\maven-plugin-api\3.9.6\maven-plugin-api-3.9.6.jar;C:\Users\sokoeurn chhay\.m2\repository\org\apache\maven\maven-artifact\3.9.6\maven-artifact-3.9.6.jar;C:\Users\sokoeurn chhay\.m2\repository\io\cucumber\cucumber-java\7.16.1\cucumber-java-7.16.1.jar;C:\Users\sokoeurn chhay\.m2\repository\io\cucumber\cucumber-core\7.16.1\cucumber-core-7.16.1.jar;C:\Users\sokoeurn chhay\.m2\repository\io\cucumber\cucumber-gherkin\7.16.1\cucumber-gherkin-7.16.1.jar;C:\Users\sokoeurn chhay\.m2\repository\io\cucumber\cucumber-gherkin-messages\7.16.1\cucumber-gherkin-messages-7.16.1.jar;C:\Users\sokoeurn chhay\.m2\repository\io\cucumber\gherkin\28.0.0\gherkin-28.0.0.jar;C:\Users\sokoeurn chhay\.m2\repository\io\cucumber\messages\24.1.0\messages-24.1.0.jar;C:\Users\sokoeurn chhay\.m2\repository\io\cucumber\tag-expressions\6.1.0\tag-expressions-6.1.0.jar;C:\Users\sokoeurn chhay\.m2\repository\io\cucumber\cucumber-expressions\17.1.0\cucumber-expressions-17.1.0.jar;C:\Users\sokoeurn chhay\.m2\repository\io\cucumber\datatable\7.16.1\datatable-7.16.1.jar;C:\Users\sokoeurn chhay\.m2\repository\io\cucumber\cucumber-plugin\7.16.1\cucumber-plugin-7.16.1.jar;C:\Users\sokoeurn chhay\.m2\repository\io\cucumber\docstring\7.16.1\docstring-7.16.1.jar;C:\Users\sokoeurn chhay\.m2\repository\io\cucumber\html-formatter\21.3.0\html-formatter-21.3.0.jar;C:\Users\sokoeurn chhay\.m2\repository\io\cucumber\junit-xml-formatter\0.3.0\junit-xml-formatter-0.3.0.jar;C:\Users\sokoeurn chhay\.m2\repository\io\cucumber\ci-environment\10.0.1\ci-environment-10.0.1.jar;C:\Users\sokoeurn chhay\.m2\repository\org\apiguardian\apiguardian-api\1.1.2\apiguardian-api-1.1.2.jar;C:\Users\sokoeurn chhay\.m2\repository\junit\junit\4.13.2\junit-4.13.2.jar;C:\Users\sokoeurn chhay\.m2\repository\org\hamcrest\hamcrest-core\1.3\hamcrest-core-1.3.jar;C:\Users\sokoeurn chhay\.m2\repository\io\cucumber\cucumber-junit\7.15.0\cucumber-junit-7.15.0.jar;C:\Users\sokoeurn chhay\.m2\repository\org\seleniumhq\selenium\selenium-java\4.19.1\selenium-java-4.19.1.jar;C:\Users\sokoeurn chhay\.m2\repository\org\seleniumhq\selenium\selenium-api\4.19.1\selenium-api-4.19.1.jar;C:\Users\sokoeurn chhay\.m2\repository\org\seleniumhq\selenium\selenium-chrome-driver\4.19.1\selenium-chrome-driver-4.19.1.jar;C:\Users\sokoeurn chhay\.m2\repository\com\google\auto\service\auto-service-annotations\1.1.1\auto-service-annotations-1.1.1.jar;C:\Users\sokoeurn chhay\.m2\repository\org\seleniumhq\selenium\selenium-chromium-driver\4.19.1\selenium-chromium-driver-4.19.1.jar;C:\Users\sokoeurn chhay\.m2\repository\org\seleniumhq\selenium\selenium-json\4.19.1\selenium-json-4.19.1.jar;C:\Users\sokoeurn chhay\.m2\repository\org\seleniumhq\selenium\selenium-manager\4.19.1\selenium-manager-4.19.1.jar;C:\Users\sokoeurn chhay\.m2\repository\org\seleniumhq\selenium\selenium-devtools-v121\4.19.1\selenium-devtools-v121-4.19.1.jar;C:\Users\sokoeurn chhay\.m2\repository\org\seleniumhq\selenium\selenium-devtools-v122\4.19.1\selenium-devtools-v122-4.19.1.jar;C:\Users\sokoeurn chhay\.m2\repository\org\seleniumhq\selenium\selenium-devtools-v123\4.19.1\selenium-devtools-v123-4.19.1.jar;C:\Users\sokoeurn chhay\.m2\repository\org\seleniumhq\selenium\selenium-devtools-v85\4.19.1\selenium-devtools-v85-4.19.1.jar;C:\Users\sokoeurn chhay\.m2\repository\org\seleniumhq\selenium\selenium-edge-driver\4.19.1\selenium-edge-driver-4.19.1.jar;C:\Users\sokoeurn chhay\.m2\repository\org\seleniumhq\selenium\selenium-firefox-driver\4.19.1\selenium-firefox-driver-4.19.1.jar;C:\Users\sokoeurn chhay\.m2\repository\org\seleniumhq\selenium\selenium-http\4.19.1\selenium-http-4.19.1.jar;C:\Users\sokoeurn chhay\.m2\repository\dev\failsafe\failsafe\3.3.2\failsafe-3.3.2.jar;C:\Users\sokoeurn chhay\.m2\repository\org\seleniumhq\selenium\selenium-ie-driver\4.19.1\selenium-ie-driver-4.19.1.jar;C:\Users\sokoeurn chhay\.m2\repository\org\seleniumhq\selenium\selenium-remote-driver\4.19.1\selenium-remote-driver-4.19.1.jar;C:\Users\sokoeurn chhay\.m2\repository\io\opentelemetry\semconv\opentelemetry-semconv\1.23.1-alpha\opentelemetry-semconv-1.23.1-alpha.jar;C:\Users\sokoeurn chhay\.m2\repository\io\opentelemetry\opentelemetry-api\1.36.0\opentelemetry-api-1.36.0.jar;C:\Users\sokoeurn chhay\.m2\repository\io\opentelemetry\opentelemetry-context\1.36.0\opentelemetry-context-1.36.0.jar;C:\Users\sokoeurn chhay\.m2\repository\io\opentelemetry\opentelemetry-exporter-logging\1.36.0\opentelemetry-exporter-logging-1.36.0.jar;C:\Users\sokoeurn chhay\.m2\repository\io\opentelemetry\opentelemetry-sdk-common\1.36.0\opentelemetry-sdk-common-1.36.0.jar;C:\Users\sokoeurn chhay\.m2\repository\io\opentelemetry\opentelemetry-sdk-extension-autoconfigure-spi\1.36.0\opentelemetry-sdk-extension-autoconfigure-spi-1.36.0.jar;C:\Users\sokoeurn chhay\.m2\repository\io\opentelemetry\opentelemetry-sdk-extension-autoconfigure\1.36.0\opentelemetry-sdk-extension-autoconfigure-1.36.0.jar;C:\Users\sokoeurn chhay\.m2\repository\io\opentelemetry\opentelemetry-api-events\1.36.0-alpha\opentelemetry-api-events-1.36.0-alpha.jar;C:\Users\sokoeurn chhay\.m2\repository\io\opentelemetry\opentelemetry-sdk-trace\1.36.0\opentelemetry-sdk-trace-1.36.0.jar;C:\Users\sokoeurn chhay\.m2\repository\io\opentelemetry\opentelemetry-extension-incubator\1.36.0-alpha\opentelemetry-extension-incubator-1.36.0-alpha.jar;C:\Users\sokoeurn chhay\.m2\repository\io\opentelemetry\opentelemetry-sdk\1.36.0\opentelemetry-sdk-1.36.0.jar;C:\Users\sokoeurn chhay\.m2\repository\io\opentelemetry\opentelemetry-sdk-metrics\1.36.0\opentelemetry-sdk-metrics-1.36.0.jar;C:\Users\sokoeurn chhay\.m2\repository\io\opentelemetry\opentelemetry-sdk-logs\1.36.0\opentelemetry-sdk-logs-1.36.0.jar;C:\Users\sokoeurn chhay\.m2\repository\net\bytebuddy\byte-buddy\1.14.12\byte-buddy-1.14.12.jar;C:\Users\sokoeurn chhay\.m2\repository\org\seleniumhq\selenium\selenium-os\4.19.1\selenium-os-4.19.1.jar;C:\Users\sokoeurn chhay\.m2\repository\org\apache\commons\commons-exec\1.3\commons-exec-1.3.jar;C:\Users\sokoeurn chhay\.m2\repository\org\seleniumhq\selenium\selenium-safari-driver\4.19.1\selenium-safari-driver-4.19.1.jar;C:\Users\sokoeurn chhay\.m2\repository\org\seleniumhq\selenium\selenium-support\4.19.1\selenium-support-4.19.1.jar;"/>
    <property name="sun.cpu.endian" value="little"/>
    <property name="user.home" value="C:\Users\sokoeurn chhay"/>
    <property name="user.language" value="en"/>
    <property name="java.specification.vendor" value="Oracle Corporation"/>
    <property name="java.version.date" value="2024-01-16"/>
    <property name="java.home" value="C:\Program Files\Java\jdk-21"/>
    <property name="file.separator" value="\"/>
    <property name="basedir" value="C:\Users\sokoeurn chhay\eclipse-workspace2024Feb\Cucumber_Java"/>
    <property name="java.vm.compressedOopsMode" value="Zero based"/>
    <property name="line.separator" value="&#10;"/>
    <property name="java.vm.specification.vendor" value="Oracle Corporation"/>
    <property name="java.specification.name" value="Java Platform API Specification"/>
    <property name="surefire.real.class.path" value="C:\Users\sokoeurn chhay\AppData\Local\Temp\surefire4955988315118786001\surefirebooter3894343807126660718.jar"/>
    <property name="user.script" value=""/>
    <property name="sun.management.compiler" value="HotSpot 64-Bit Tiered Compilers"/>
    <property name="java.runtime.version" value="21.0.2+13-LTS-58"/>
    <property name="user.name" value="sokoeurn chhay"/>
    <property name="stdout.encoding" value="Cp1252"/>
    <property name="path.separator" value=";"/>
    <property name="os.version" value="10.0"/>
    <property name="java.runtime.name" value="Java(TM) SE Runtime Environment"/>
    <property name="file.encoding" value="UTF-8"/>
    <property name="java.vm.name" value="Java HotSpot(TM) 64-Bit Server VM"/>
    <property name="localRepository" value="C:\Users\sokoeurn chhay\.m2\repository"/>
    <property name="java.vendor.url.bug" value="https://bugreport.java.com/bugreport/"/>
    <property name="java.io.tmpdir" value="C:\Users\sokoeurn chhay\AppData\Local\Temp\"/>
    <property name="java.version" value="21.0.2"/>
    <property name="user.dir" value="C:\Users\sokoeurn chhay\eclipse-workspace2024Feb\Cucumber_Java"/>
    <property name="os.arch" value="amd64"/>
    <property name="java.vm.specification.name" value="Java Virtual Machine Specification"/>
    <property name="sun.os.patch.level" value=""/>
    <property name="native.encoding" value="Cp1252"/>
    <property name="java.library.path" value="C:\Program Files\Java\jdk-21\bin;C:\WINDOWS\Sun\Java\bin;C:\WINDOWS\system32;C:\WINDOWS;C:\Program Files\Common Files\Oracle\Java\javapath;C:\Program Files\Python310\Scripts\;C:\Program Files\Python310\;C:\WINDOWS\system32;C:\WINDOWS;C:\WINDOWS\System32\Wbem;C:\WINDOWS\System32\WindowsPowerShell\v1.0\;C:\WINDOWS\System32\OpenSSH\;C:\Program Files\Git\cmd;C:\Program Files\dotnet\;C:\Program Files\Docker\Docker\resources\bin;C:\ProgramData\DockerDesktop\version-bin;C:\Program Files\Java\jdk-21\bin;C:\Program Files\Maven\apache-maven-3.6.1\bin;C:\apache-maven-3.9.6\bin;C:\allure-2.27.0\bin;C:\Program Files\nodejs\;%JAVA_HOME%\bin;C:\Program Files\MySQL\MySQL Shell 8.0\bin\;C:\Users\sokoeurn chhay\AppData\Local\Microsoft\WindowsApps;C:\Users\sokoeurn chhay\AppData\Local\Programs\Microsoft VS Code\bin;C:\Users\sokoeurn chhay\AppData\Local\GitHubDesktop\bin;C:\Program Files\JetBrains\PyCharm Community Edition 2022.2\bin;;C:\Users\sokoeurn chhay\AppData\Roaming\npm;."/>
    <property name="java.vm.info" value="mixed mode, sharing"/>
    <property name="stderr.encoding" value="Cp1252"/>
    <property name="java.vendor" value="Oracle Corporation"/>
    <property name="java.vm.version" value="21.0.2+13-LTS-58"/>
    <property name="sun.io.unicode.encoding" value="UnicodeLittle"/>
    <property name="java.class.version" value="65.0"/>
  </properties>
  <testcase name="check log in is successfull with valid credentails #2" classname="test login functionality" time="3.14">
    <error message="Cannot invoke &quot;pagefactory.HomePage_PageFactory.showText()&quot; because &quot;this.home&quot; is null" type="java.lang.NullPointerException">java.lang.NullPointerException: Cannot invoke "pagefactory.HomePage_PageFactory.showText()" because "this.home" is null
</error>
    <system-out><![CDATA[
@regressiontest
Scenario Outline: check log in is successfull with valid credentails # src/test/resources/Features/LoginDemo.feature:30
open browser
inside browserSetup
BeforeStep
user is on login page
  Given user is on login page                                        # StepDefinitions.LoginSteps.user_is_on_login_page()
AfterStep
BeforeStep
  When When user enters <username> and <password> sucessfully        # StepDefinitions.LoginDemoSteps_PageFactory.when_user_enters_username_and_password_sucessfully()
AfterStep
BeforeStep
  Then user is in homepage                                           # StepDefinitions.LoginDemoSteps_PageFactory.user_is_in_homepage()
AfterStep
BeforeStep
Browser is opened
  Given browser is opened sucessfully                                # StepDefinitions.LoginDemoSteps_PageFactory.browser_is_opened_sucessfully()
AfterStep
BeforeStep
  And user is on login page sucessfully                              # StepDefinitions.LoginDemoSteps_PageFactory.user_is_on_login_page_sucessfully()
AfterStep
BeforeStep
  When user enters sok@gmail.com and abc123 sucessfully              # StepDefinitions.LoginDemoSteps_PageFactory.user_enters_username_and_password_sucessfully(java.lang.String,java.lang.String)
AfterStep
BeforeStep
  And user clicks on login sucessfully                               # StepDefinitions.LoginDemoSteps_PageFactory.user_clicks_on_login_sucessfully()
AfterStep
BeforeStep
  Then user navigate to the home page sucessfully                    # StepDefinitions.LoginDemoSteps_PageFactory.user_navigate_to_the_home_page_sucessfully()
      java.lang.NullPointerException: Cannot invoke "pagefactory.HomePage_PageFactory.showText()" because "this.home" is null
	at StepDefinitions.LoginDemoSteps_PageFactory.user_navigate_to_the_home_page_sucessfully(LoginDemoSteps_PageFactory.java:76)
	at ✽.user navigate to the home page sucessfully(file:///C:/Users/sokoeurn%20chhay/eclipse-workspace2024Feb/Cucumber_Java/src/test/resources/Features/LoginDemo.feature:26)

AfterStep
inside tearDown
]]></system-out>
  </testcase>
  <testcase name="check log in is successfull with valid credentails #3" classname="test login functionality" time="2.498">
    <error message="Cannot invoke &quot;pagefactory.HomePage_PageFactory.showText()&quot; because &quot;this.home&quot; is null" type="java.lang.NullPointerException">java.lang.NullPointerException: Cannot invoke "pagefactory.HomePage_PageFactory.showText()" because "this.home" is null
</error>
    <system-out><![CDATA[
@regressiontest @smoketest
Scenario Outline: check log in is successfull with valid credentails # src/test/resources/Features/LoginDemo.feature:42
open browser
inside browserSetup
BeforeStep
user is on login page
  Given user is on login page                                        # StepDefinitions.LoginSteps.user_is_on_login_page()
AfterStep
BeforeStep
  When When user enters <username> and <password> sucessfully        # StepDefinitions.LoginDemoSteps_PageFactory.when_user_enters_username_and_password_sucessfully()
AfterStep
BeforeStep
  Then user is in homepage                                           # StepDefinitions.LoginDemoSteps_PageFactory.user_is_in_homepage()
AfterStep
BeforeStep
Browser is opened
  Given browser is opened sucessfully                                # StepDefinitions.LoginDemoSteps_PageFactory.browser_is_opened_sucessfully()
AfterStep
BeforeStep
  And user is on login page sucessfully                              # StepDefinitions.LoginDemoSteps_PageFactory.user_is_on_login_page_sucessfully()
AfterStep
BeforeStep
  When user enters sok@gmail.com and abc123 sucessfully              # StepDefinitions.LoginDemoSteps_PageFactory.user_enters_username_and_password_sucessfully(java.lang.String,java.lang.String)
AfterStep
BeforeStep
  And user clicks on login sucessfully                               # StepDefinitions.LoginDemoSteps_PageFactory.user_clicks_on_login_sucessfully()
AfterStep
BeforeStep
  Then user navigate to the home page sucessfully                    # StepDefinitions.LoginDemoSteps_PageFactory.user_navigate_to_the_home_page_sucessfully()
      java.lang.NullPointerException: Cannot invoke "pagefactory.HomePage_PageFactory.showText()" because "this.home" is null
	at StepDefinitions.LoginDemoSteps_PageFactory.user_navigate_to_the_home_page_sucessfully(LoginDemoSteps_PageFactory.java:76)
	at ✽.user navigate to the home page sucessfully(file:///C:/Users/sokoeurn%20chhay/eclipse-workspace2024Feb/Cucumber_Java/src/test/resources/Features/LoginDemo.feature:38)

AfterStep
inside tearDown
]]></system-out>
  </testcase>
</testsuite>